<?xml version="1.0" encoding="UTF-8"?>
<!-- Generated by org.testng.reporters.JUnitXMLReporter -->
<testsuite ignored="4" hostname="DESKTOP-I75RT8S" failures="0" tests="1" name="Test" time="13.14" errors="0" timestamp="2023-09-16T16:03:40 IST">
  <testcase classname="trello.trellodatadriven" name="datadriven" time="13.087"/>
  <testcase classname="trello.trellodatadriven" name="update_a_board" time="0.0">
    <ignored/>
  </testcase> <!-- update_a_board -->
  <testcase classname="trello.trellodatadriven" name="get_a_board" time="0.0">
    <ignored/>
  </testcase> <!-- get_a_board -->
  <testcase classname="trello.trellodatadriven" name="delete_a_board" time="0.0">
    <ignored/>
  </testcase> <!-- delete_a_board -->
  <testcase classname="trello.trellodatadriven" name="create_a_board" time="0.0">
    <ignored/>
  </testcase> <!-- create_a_board -->
</testsuite> <!-- Test -->
