<?xml version="1.0" encoding="UTF-8"?>
<testng-results ignored="0" total="2" passed="2" failed="0" skipped="0">
  <reporter-output>
  </reporter-output>
  <suite started-at="2023-09-17T14:33:41 IST" name="Default suite" finished-at="2023-09-17T14:33:48 IST" duration-ms="6612">
    <groups>
    </groups>
    <test started-at="2023-09-17T14:33:41 IST" name="Default test" finished-at="2023-09-17T14:33:48 IST" duration-ms="6612">
      <class name="trello.Simplebooks">
        <test-method signature="Authentication()[pri:0, instance:trello.Simplebooks@35cabb2a]" started-at="2023-09-17T14:33:41 IST" name="Authentication" finished-at="2023-09-17T14:33:46 IST" duration-ms="5101" status="PASS">
          <reporter-output>
          </reporter-output>
        </test-method> <!-- Authentication -->
        <test-method signature="create_an_order()[pri:1, instance:trello.Simplebooks@35cabb2a]" started-at="2023-09-17T14:33:46 IST" name="create_an_order" finished-at="2023-09-17T14:33:48 IST" duration-ms="1392" status="PASS">
          <reporter-output>
          </reporter-output>
        </test-method> <!-- create_an_order -->
      </class> <!-- trello.Simplebooks -->
    </test> <!-- Default test -->
  </suite> <!-- Default suite -->
</testng-results>
