<?xml version="1.0" encoding="UTF-8"?>
<testng-results ignored="0" total="1" passed="1" failed="0" skipped="0">
  <reporter-output>
  </reporter-output>
  <suite started-at="2023-09-16T15:56:47 IST" name="Default suite" finished-at="2023-09-16T15:57:01 IST" duration-ms="14010">
    <groups>
    </groups>
    <test started-at="2023-09-16T15:56:47 IST" name="Default test" finished-at="2023-09-16T15:57:01 IST" duration-ms="14010">
      <class name="trello.trellodatadriven">
        <test-method signature="datadriven()[pri:0, instance:trello.trellodatadriven@5c5eefef]" started-at="2023-09-16T15:56:48 IST" name="datadriven" finished-at="2023-09-16T15:57:01 IST" duration-ms="13953" status="PASS">
          <reporter-output>
          </reporter-output>
        </test-method> <!-- datadriven -->
      </class> <!-- trello.trellodatadriven -->
    </test> <!-- Default test -->
  </suite> <!-- Default suite -->
</testng-results>
