<?xml version="1.0" encoding="UTF-8"?>
<testng-results ignored="0" total="1" passed="1" failed="0" skipped="0">
  <reporter-output>
  </reporter-output>
  <suite started-at="2023-09-16T16:03:27 IST" name="Suite" finished-at="2023-09-16T16:03:40 IST" duration-ms="13140">
    <groups>
    </groups>
    <test started-at="2023-09-16T16:03:27 IST" name="Test" finished-at="2023-09-16T16:03:40 IST" duration-ms="13140">
      <class name="trello.trellodatadriven">
        <test-method signature="datadriven()[pri:0, instance:trello.trellodatadriven@2473d930]" started-at="2023-09-16T16:03:27 IST" name="datadriven" finished-at="2023-09-16T16:03:40 IST" duration-ms="13087" status="PASS">
          <reporter-output>
          </reporter-output>
        </test-method> <!-- datadriven -->
      </class> <!-- trello.trellodatadriven -->
    </test> <!-- Test -->
  </suite> <!-- Suite -->
</testng-results>
